app/build/outputs/logs/manifest-merger-release-report.txt
-- Merging decision tree log ---
manifest
ADDED from src\main\AndroidManifest.xml:2:1-39:12
INJECTED from src\main\AndroidManifest.xml:2:1-39:12
INJECTED from src\main\AndroidManifest.xml:2:1-39:12
INJECTED from src\main\AndroidManifest.xml:2:1-39:12
INJECTED from src\main\AndroidManifest.xml:2:1-39:12
INJECTED from src\main\AndroidManifest.xml:2:1-39:12
INJECTED from src\main\AndroidManifest.xml:2:1-39:12
	package
		ADDED from src\main\AndroidManifest.xml:3:5-29
		INJECTED from src\main\AndroidManifest.xml
		INJECTED from src\main\AndroidManifest.xml
	android:versionName
		ADDED from src\main\AndroidManifest.xml:5:5-37
		INJECTED from src\main\AndroidManifest.xml
		INJECTED from src\main\AndroidManifest.xml
	xmlns:android
		ADDED from src\main\AndroidManifest.xml:2:11-69
	android:versionCode
		ADDED from src\main\AndroidManifest.xml:4:5-28
		INJECTED from src\main\AndroidManifest.xml
		INJECTED from src\main\AndroidManifest.xml
application
ADDED from src\main\AndroidManifest.xml:7:5-34:19
	android:label
		ADDED from src\main\AndroidManifest.xml:9:9-41
	android:icon
		ADDED from src\main\AndroidManifest.xml:8:9-45
activity#com.sinpo.xnfc.NFCard
ADDED from src\main\AndroidManifest.xml:10:9-33:20
	android:screenOrientation
		ADDED from src\main\AndroidManifest.xml:15:13-49
	android:label
		ADDED from src\main\AndroidManifest.xml:13:13-45
	android:windowBackground
		ADDED from src\main\AndroidManifest.xml:16:13-45
	android:launchMode
		ADDED from src\main\AndroidManifest.xml:14:13-44
	android:windowSoftInputMode
		ADDED from src\main\AndroidManifest.xml:17:13-78
	android:configChanges
		ADDED from src\main\AndroidManifest.xml:12:13-63
	android:name
		ADDED from src\main\AndroidManifest.xml:11:13-34
intent-filter#action:name:android.intent.action.MAIN+category:name:android.intent.category.LAUNCHER
ADDED from src\main\AndroidManifest.xml:18:13-21:29
action#android.intent.action.MAIN
ADDED from src\main\AndroidManifest.xml:19:17-69
	android:name
		ADDED from src\main\AndroidManifest.xml:19:25-66
category#android.intent.category.LAUNCHER
ADDED from src\main\AndroidManifest.xml:20:17-77
	android:name
		ADDED from src\main\AndroidManifest.xml:20:27-74
intent-filter#action:name:android.nfc.action.TECH_DISCOVERED
ADDED from src\main\AndroidManifest.xml:22:13-24:29
action#android.nfc.action.TECH_DISCOVERED
ADDED from src\main\AndroidManifest.xml:23:17-77
	android:name
		ADDED from src\main\AndroidManifest.xml:23:25-74
meta-data#android.nfc.action.TECH_DISCOVERED
ADDED from src\main\AndroidManifest.xml:26:13-28:59
	android:resource
		ADDED from src\main\AndroidManifest.xml:28:17-56
	android:name
		ADDED from src\main\AndroidManifest.xml:27:17-66
intent-filter#action:name:android.nfc.action.TAG_DISCOVERED+category:name:android.intent.category.DEFAULT
ADDED from src\main\AndroidManifest.xml:29:13-32:29
action#android.nfc.action.TAG_DISCOVERED
ADDED from src\main\AndroidManifest.xml:30:17-76
	android:name
		ADDED from src\main\AndroidManifest.xml:30:25-73
category#android.intent.category.DEFAULT
ADDED from src\main\AndroidManifest.xml:31:17-76
	android:name
		ADDED from src\main\AndroidManifest.xml:31:27-73
uses-permission#android.permission.NFC
ADDED from src\main\AndroidManifest.xml:35:5-62
	android:name
		ADDED from src\main\AndroidManifest.xml:35:22-59
uses-feature#android.hardware.nfc
ADDED from src\main\AndroidManifest.xml:36:5-38:35
	android:required
		ADDED from src\main\AndroidManifest.xml:38:9-32
	android:name
		ADDED from src\main\AndroidManifest.xml:37:9-44
uses-sdk
INJECTED from src\main\AndroidManifest.xml reason: use-sdk injection requested
INJECTED from src\main\AndroidManifest.xml
INJECTED from src\main\AndroidManifest.xml
INJECTED from src\main\AndroidManifest.xml
INJECTED from src\main\AndroidManifest.xml
	android:targetSdkVersion
		INJECTED from src\main\AndroidManifest.xml
		ADDED from src\main\AndroidManifest.xml
		INJECTED from src\main\AndroidManifest.xml
	android:minSdkVersion
		INJECTED from src\main\AndroidManifest.xml
		ADDED from src\main\AndroidManifest.xml
		INJECTED from src\main\AndroidManifest.xml